# JRE version: Java(TM) SE Runtime Environment (8.0_201-b09) (build 1.8.0_201-b09)
# Java VM: Java HotSpot(TM) Client VM (25.201-b09 mixed mode windows-x86 )
Heap:
 def new generation   total 15488K, used 3551K [0x07000000, 0x080c0000, 0x0c550000)
  eden space 13824K,  25% used [0x07000000, 0x07377c58, 0x07d80000)
  from space 1664K,   0% used [0x07d80000, 0x07d80000, 0x07f20000)
  to   space 1664K,   0% used [0x07f20000, 0x07f20000, 0x080c0000)
 tenured generation   total 34164K, used 20498K [0x0c550000, 0x0e6ad000, 0x17000000)
   the space 34164K,  59% used [0x0c550000, 0x0d954868, 0x0d954a00, 0x0e6ad000)
 Metaspace       used 29608K, capacity 30551K, committed 30592K, reserved 31104K
GC Heap History (10 events):
Event: 4.524 GC heap before
{Heap before GC invocations=55 (full 3):
 def new generation   total 10944K, used 10944K [0x07000000, 0x07bd0000, 0x0c550000)
  eden space 9792K, 100% used [0x07000000, 0x07990000, 0x07990000)
  from space 1152K, 100% used [0x07ab0000, 0x07bd0000, 0x07bd0000)
  to   space 1152K,   0% used [0x07990000, 0x07990000, 0x07ab0000)
 tenured generation   total 24160K, used 19892K [0x0c550000, 0x0dce8000, 0x17000000)
   the space 24160K,  82% used [0x0c550000, 0x0d8bd360, 0x0d8bd400, 0x0dce8000)
 Metaspace       used 26884K, capacity 27807K, committed 27904K, reserved 28032K
Event: 4.529 GC heap after
Heap after GC invocations=56 (full 3):
 def new generation   total 10944K, used 1151K [0x07000000, 0x07bd0000, 0x0c550000)
  eden space 9792K,   0% used [0x07000000, 0x07000000, 0x07990000)
  from space 1152K,  99% used [0x07990000, 0x07aaff38, 0x07ab0000)
  to   space 1152K,   0% used [0x07ab0000, 0x07ab0000, 0x07bd0000)
 tenured generation   total 24160K, used 20767K [0x0c550000, 0x0dce8000, 0x17000000)
   the space 24160K,  85% used [0x0c550000, 0x0d997f68, 0x0d998000, 0x0dce8000)
 Metaspace       used 26884K, capacity 27807K, committed 27904K, reserved 28032K
}
Event: 4.638 GC heap before
{Heap before GC invocations=56 (full 3):
 def new generation   total 10944K, used 10943K [0x07000000, 0x07bd0000, 0x0c550000)
  eden space 9792K, 100% used [0x07000000, 0x07990000, 0x07990000)
  from space 1152K,  99% used [0x07990000, 0x07aaff38, 0x07ab0000)
  to   space 1152K,   0% used [0x07ab0000, 0x07ab0000, 0x07bd0000)
 tenured generation   total 24160K, used 20767K [0x0c550000, 0x0dce8000, 0x17000000)
   the space 24160K,  85% used [0x0c550000, 0x0d997f68, 0x0d998000, 0x0dce8000)
 Metaspace       used 28040K, capacity 28959K, committed 29056K, reserved 29056K
Event: 4.644 GC heap after
Heap after GC invocations=57 (full 3):
 def new generation   total 10944K, used 1152K [0x07000000, 0x07bd0000, 0x0c550000)
  eden space 9792K,   0% used [0x07000000, 0x07000000, 0x07990000)
  from space 1152K, 100% used [0x07ab0000, 0x07bd0000, 0x07bd0000)
  to   space 1152K,   0% used [0x07990000, 0x07990000, 0x07ab0000)
 tenured generation   total 24160K, used 21807K [0x0c550000, 0x0dce8000, 0x17000000)
   the space 24160K,  90% used [0x0c550000, 0x0da9bc30, 0x0da9be00, 0x0dce8000)
 Metaspace       used 28040K, capacity 28959K, committed 29056K, reserved 29056K
}
Event: 4.745 GC heap before
{Heap before GC invocations=57 (full 3):
 def new generation   total 10944K, used 10944K [0x07000000, 0x07bd0000, 0x0c550000)
  eden space 9792K, 100% used [0x07000000, 0x07990000, 0x07990000)
  from space 1152K, 100% used [0x07ab0000, 0x07bd0000, 0x07bd0000)
  to   space 1152K,   0% used [0x07990000, 0x07990000, 0x07ab0000)
 tenured generation   total 24160K, used 21807K [0x0c550000, 0x0dce8000, 0x17000000)
   the space 24160K,  90% used [0x0c550000, 0x0da9bc30, 0x0da9be00, 0x0dce8000)
 Metaspace       used 28235K, capacity 29141K, committed 29184K, reserved 30080K
Event: 4.750 GC heap after
Heap after GC invocations=58 (full 3):
 def new generation   total 10944K, used 821K [0x07000000, 0x07bd0000, 0x0c550000)
  eden space 9792K,   0% used [0x07000000, 0x07000000, 0x07990000)
  from space 1152K,  71% used [0x07990000, 0x07a5d690, 0x07ab0000)
  to   space 1152K,   0% used [0x07ab0000, 0x07ab0000, 0x07bd0000)
 tenured generation   total 24160K, used 22607K [0x0c550000, 0x0dce8000, 0x17000000)
   the space 24160K,  93% used [0x0c550000, 0x0db63eb8, 0x0db64000, 0x0dce8000)
 Metaspace       used 28235K, capacity 29141K, committed 29184K, reserved 30080K
}
Event: 4.820 GC heap before
{Heap before GC invocations=58 (full 3):
 def new generation   total 10944K, used 10611K [0x07000000, 0x07bd0000, 0x0c550000)
  eden space 9792K,  99% used [0x07000000, 0x0798f878, 0x07990000)
  from space 1152K,  71% used [0x07990000, 0x07a5d690, 0x07ab0000)
  to   space 1152K,   0% used [0x07ab0000, 0x07ab0000, 0x07bd0000)
 tenured generation   total 24160K, used 22607K [0x0c550000, 0x0dce8000, 0x17000000)
   the space 24160K,  93% used [0x0c550000, 0x0db63eb8, 0x0db64000, 0x0dce8000)
 Metaspace       used 28660K, capacity 29597K, committed 29696K, reserved 30080K
Event: 4.826 GC heap after
Heap after GC invocations=59 (full 3):
 def new generation   total 10944K, used 1152K [0x07000000, 0x07bd0000, 0x0c550000)
  eden space 9792K,   0% used [0x07000000, 0x07000000, 0x07990000)
  from space 1152K, 100% used [0x07ab0000, 0x07bd0000, 0x07bd0000)
  to   space 1152K,   0% used [0x07990000, 0x07990000, 0x07ab0000)
 tenured generation   total 24160K, used 23502K [0x0c550000, 0x0dce8000, 0x17000000)
   the space 24160K,  97% used [0x0c550000, 0x0dc439d0, 0x0dc43a00, 0x0dce8000)
 Metaspace       used 28660K, capacity 29597K, committed 29696K, reserved 30080K
}
Event: 5.013 GC heap before
{Heap before GC invocations=59 (full 3):
 def new generation   total 10944K, used 10944K [0x07000000, 0x07bd0000, 0x0c550000)
  eden space 9792K, 100% used [0x07000000, 0x07990000, 0x07990000)
  from space 1152K, 100% used [0x07ab0000, 0x07bd0000, 0x07bd0000)
  to   space 1152K,   0% used [0x07990000, 0x07990000, 0x07ab0000)
 tenured generation   total 24160K, used 23502K [0x0c550000, 0x0dce8000, 0x17000000)
   the space 24160K,  97% used [0x0c550000, 0x0dc439d0, 0x0dc43a00, 0x0dce8000)
 Metaspace       used 29416K, capacity 30381K, committed 30464K, reserved 31104K
Event: 5.078 GC heap after
Heap after GC invocations=60 (full 4):
 def new generation   total 15488K, used 0K [0x07000000, 0x080c0000, 0x0c550000)
  eden space 13824K,   0% used [0x07000000, 0x07000000, 0x07d80000)
  from space 1664K,   0% used [0x07d80000, 0x07d80000, 0x07f20000)
  to   space 1664K,   0% used [0x07f20000, 0x07f20000, 0x080c0000)
 tenured generation   total 34164K, used 20498K [0x0c550000, 0x0e6ad000, 0x17000000)
   the space 34164K,  59% used [0x0c550000, 0x0d954868, 0x0d954a00, 0x0e6ad000)
 Metaspace       used 29413K, capacity 30373K, committed 30464K, reserved 31104K
}

