# JRE version: Java(TM) SE Runtime Environment (7.0_45-b18) (build 1.7.0_45-b18)
# Java VM: Java HotSpot(TM) Client VM (24.45-b08 mixed mode, sharing windows-x86 )
Heap
 def new generation   total 4992K, used 2175K [0x26860000, 0x26dc0000, 0x2bdb0000)
  eden space 4480K,  48% used [0x26860000, 0x26a7fd20, 0x26cc0000)
  from space 512K,   0% used [0x26cc0000, 0x26cc0000, 0x26d40000)
  to   space 512K,   0% used [0x26d40000, 0x26d40000, 0x26dc0000)
 tenured generation   total 10944K, used 4925K [0x2bdb0000, 0x2c860000, 0x36860000)
   the space 10944K,  45% used [0x2bdb0000, 0x2c27f4e0, 0x2c27f600, 0x2c860000)
 compacting perm gen  total 12288K, used 1944K [0x36860000, 0x37460000, 0x3a860000)
   the space 12288K,  15% used [0x36860000, 0x36a46168, 0x36a46200, 0x37460000)
    ro space 10240K,  44% used [0x3a860000, 0x3acd7808, 0x3acd7a00, 0x3b260000)
    rw space 12288K,  52% used [0x3b260000, 0x3b8ae610, 0x3b8ae800, 0x3be60000)
GC Heap History (10 events):
Event: 344.998 GC heap before
{Heap before GC invocations=49 (full 2):
 def new generation   total 4992K, used 4971K [0x26860000, 0x26dc0000, 0x2bdb0000)
  eden space 4480K,  99% used [0x26860000, 0x26cbad10, 0x26cc0000)
  from space 512K, 100% used [0x26d40000, 0x26dc0000, 0x26dc0000)
  to   space 512K,   0% used [0x26cc0000, 0x26cc0000, 0x26d40000)
 tenured generation   total 10944K, used 7149K [0x2bdb0000, 0x2c860000, 0x36860000)
   the space 10944K,  65% used [0x2bdb0000, 0x2c4ab520, 0x2c4ab600, 0x2c860000)
 compacting perm gen  total 12288K, used 1944K [0x36860000, 0x37460000, 0x3a860000)
   the space 12288K,  15% used [0x36860000, 0x36a46168, 0x36a46200, 0x37460000)
    ro space 10240K,  44% used [0x3a860000, 0x3acd7808, 0x3acd7a00, 0x3b260000)
    rw space 12288K,  52% used [0x3b260000, 0x3b8ae610, 0x3b8ae800, 0x3be60000)
Event: 345.000 GC heap after
Heap after GC invocations=50 (full 2):
 def new generation   total 4992K, used 512K [0x26860000, 0x26dc0000, 0x2bdb0000)
  eden space 4480K,   0% used [0x26860000, 0x26860000, 0x26cc0000)
  from space 512K, 100% used [0x26cc0000, 0x26d40000, 0x26d40000)
  to   space 512K,   0% used [0x26d40000, 0x26d40000, 0x26dc0000)
 tenured generation   total 10944K, used 7605K [0x2bdb0000, 0x2c860000, 0x36860000)
   the space 10944K,  69% used [0x2bdb0000, 0x2c51d420, 0x2c51d600, 0x2c860000)
 compacting perm gen  total 12288K, used 1944K [0x36860000, 0x37460000, 0x3a860000)
   the space 12288K,  15% used [0x36860000, 0x36a46168, 0x36a46200, 0x37460000)
    ro space 10240K,  44% used [0x3a860000, 0x3acd7808, 0x3acd7a00, 0x3b260000)
    rw space 12288K,  52% used [0x3b260000, 0x3b8ae610, 0x3b8ae800, 0x3be60000)
}
Event: 345.453 GC heap before
{Heap before GC invocations=50 (full 2):
 def new generation   total 4992K, used 4992K [0x26860000, 0x26dc0000, 0x2bdb0000)
  eden space 4480K, 100% used [0x26860000, 0x26cc0000, 0x26cc0000)
  from space 512K, 100% used [0x26cc0000, 0x26d40000, 0x26d40000)
  to   space 512K,   0% used [0x26d40000, 0x26d40000, 0x26dc0000)
 tenured generation   total 10944K, used 7605K [0x2bdb0000, 0x2c860000, 0x36860000)
   the space 10944K,  69% used [0x2bdb0000, 0x2c51d420, 0x2c51d600, 0x2c860000)
 compacting perm gen  total 12288K, used 1944K [0x36860000, 0x37460000, 0x3a860000)
   the space 12288K,  15% used [0x36860000, 0x36a46168, 0x36a46200, 0x37460000)
    ro space 10240K,  44% used [0x3a860000, 0x3acd7808, 0x3acd7a00, 0x3b260000)
    rw space 12288K,  52% used [0x3b260000, 0x3b8ae610, 0x3b8ae800, 0x3be60000)
Event: 345.456 GC heap after
Heap after GC invocations=51 (full 2):
 def new generation   total 4992K, used 512K [0x26860000, 0x26dc0000, 0x2bdb0000)
  eden space 4480K,   0% used [0x26860000, 0x26860000, 0x26cc0000)
  from space 512K, 100% used [0x26d40000, 0x26dc0000, 0x26dc0000)
  to   space 512K,   0% used [0x26cc0000, 0x26cc0000, 0x26d40000)
 tenured generation   total 10944K, used 8514K [0x2bdb0000, 0x2c860000, 0x36860000)
   the space 10944K,  77% used [0x2bdb0000, 0x2c600820, 0x2c600a00, 0x2c860000)
 compacting perm gen  total 12288K, used 1944K [0x36860000, 0x37460000, 0x3a860000)
   the space 12288K,  15% used [0x36860000, 0x36a46168, 0x36a46200, 0x37460000)
    ro space 10240K,  44% used [0x3a860000, 0x3acd7808, 0x3acd7a00, 0x3b260000)
    rw space 12288K,  52% used [0x3b260000, 0x3b8ae610, 0x3b8ae800, 0x3be60000)
}
Event: 347.499 GC heap before
{Heap before GC invocations=51 (full 2):
 def new generation   total 4992K, used 4957K [0x26860000, 0x26dc0000, 0x2bdb0000)
  eden space 4480K,  99% used [0x26860000, 0x26cb75c0, 0x26cc0000)
  from space 512K, 100% used [0x26d40000, 0x26dc0000, 0x26dc0000)
  to   space 512K,   0% used [0x26cc0000, 0x26cc0000, 0x26d40000)
 tenured generation   total 10944K, used 8514K [0x2bdb0000, 0x2c860000, 0x36860000)
   the space 10944K,  77% used [0x2bdb0000, 0x2c600820, 0x2c600a00, 0x2c860000)
 compacting perm gen  total 12288K, used 1944K [0x36860000, 0x37460000, 0x3a860000)
   the space 12288K,  15% used [0x36860000, 0x36a46168, 0x36a46200, 0x37460000)
    ro space 10240K,  44% used [0x3a860000, 0x3acd7808, 0x3acd7a00, 0x3b260000)
    rw space 12288K,  52% used [0x3b260000, 0x3b8ae610, 0x3b8ae800, 0x3be60000)
Event: 347.501 GC heap after
Heap after GC invocations=52 (full 2):
 def new generation   total 4992K, used 512K [0x26860000, 0x26dc0000, 0x2bdb0000)
  eden space 4480K,   0% used [0x26860000, 0x26860000, 0x26cc0000)
  from space 512K, 100% used [0x26cc0000, 0x26d40000, 0x26d40000)
  to   space 512K,   0% used [0x26d40000, 0x26d40000, 0x26dc0000)
 tenured generation   total 10944K, used 9587K [0x2bdb0000, 0x2c860000, 0x36860000)
   the space 10944K,  87% used [0x2bdb0000, 0x2c70ccf0, 0x2c70ce00, 0x2c860000)
 compacting perm gen  total 12288K, used 1944K [0x36860000, 0x37460000, 0x3a860000)
   the space 12288K,  15% used [0x36860000, 0x36a46168, 0x36a46200, 0x37460000)
    ro space 10240K,  44% used [0x3a860000, 0x3acd7808, 0x3acd7a00, 0x3b260000)
    rw space 12288K,  52% used [0x3b260000, 0x3b8ae610, 0x3b8ae800, 0x3be60000)
}
Event: 348.101 GC heap before
{Heap before GC invocations=52 (full 2):
 def new generation   total 4992K, used 4905K [0x26860000, 0x26dc0000, 0x2bdb0000)
  eden space 4480K,  98% used [0x26860000, 0x26caa570, 0x26cc0000)
  from space 512K, 100% used [0x26cc0000, 0x26d40000, 0x26d40000)
  to   space 512K,   0% used [0x26d40000, 0x26d40000, 0x26dc0000)
 tenured generation   total 10944K, used 9587K [0x2bdb0000, 0x2c860000, 0x36860000)
   the space 10944K,  87% used [0x2bdb0000, 0x2c70ccf0, 0x2c70ce00, 0x2c860000)
 compacting perm gen  total 12288K, used 1944K [0x36860000, 0x37460000, 0x3a860000)
   the space 12288K,  15% used [0x36860000, 0x36a46168, 0x36a46200, 0x37460000)
    ro space 10240K,  44% used [0x3a860000, 0x3acd7808, 0x3acd7a00, 0x3b260000)
    rw space 12288K,  52% used [0x3b260000, 0x3b8ae610, 0x3b8ae800, 0x3be60000)
Event: 348.102 GC heap after
Heap after GC invocations=53 (full 2):
 def new generation   total 4992K, used 505K [0x26860000, 0x26dc0000, 0x2bdb0000)
  eden space 4480K,   0% used [0x26860000, 0x26860000, 0x26cc0000)
  from space 512K,  98% used [0x26d40000, 0x26dbe798, 0x26dc0000)
  to   space 512K,   0% used [0x26cc0000, 0x26cc0000, 0x26d40000)
 tenured generation   total 10944K, used 9982K [0x2bdb0000, 0x2c860000, 0x36860000)
   the space 10944K,  91% used [0x2bdb0000, 0x2c76fa18, 0x2c76fc00, 0x2c860000)
 compacting perm gen  total 12288K, used 1944K [0x36860000, 0x37460000, 0x3a860000)
   the space 12288K,  15% used [0x36860000, 0x36a46168, 0x36a46200, 0x37460000)
    ro space 10240K,  44% used [0x3a860000, 0x3acd7808, 0x3acd7a00, 0x3b260000)
    rw space 12288K,  52% used [0x3b260000, 0x3b8ae610, 0x3b8ae800, 0x3be60000)
}
Event: 352.277 GC heap before
{Heap before GC invocations=53 (full 2):
 def new generation   total 4992K, used 4985K [0x26860000, 0x26dc0000, 0x2bdb0000)
  eden space 4480K, 100% used [0x26860000, 0x26cc0000, 0x26cc0000)
  from space 512K,  98% used [0x26d40000, 0x26dbe798, 0x26dc0000)
  to   space 512K,   0% used [0x26cc0000, 0x26cc0000, 0x26d40000)
 tenured generation   total 10944K, used 9982K [0x2bdb0000, 0x2c860000, 0x36860000)
   the space 10944K,  91% used [0x2bdb0000, 0x2c76fa18, 0x2c76fc00, 0x2c860000)
 compacting perm gen  total 12288K, used 1944K [0x36860000, 0x37460000, 0x3a860000)
   the space 12288K,  15% used [0x36860000, 0x36a46168, 0x36a46200, 0x37460000)
    ro space 10240K,  44% used [0x3a860000, 0x3acd7808, 0x3acd7a00, 0x3b260000)
    rw space 12288K,  52% used [0x3b260000, 0x3b8ae610, 0x3b8ae800, 0x3be60000)
Event: 352.303 GC heap after
Heap after GC invocations=54 (full 3):
 def new generation   total 4992K, used 0K [0x26860000, 0x26dc0000, 0x2bdb0000)
  eden space 4480K,   0% used [0x26860000, 0x26860000, 0x26cc0000)
  from space 512K,   0% used [0x26cc0000, 0x26cc0000, 0x26d40000)
  to   space 512K,   0% used [0x26d40000, 0x26d40000, 0x26dc0000)
 tenured generation   total 10944K, used 4925K [0x2bdb0000, 0x2c860000, 0x36860000)
   the space 10944K,  45% used [0x2bdb0000, 0x2c27f4e0, 0x2c27f600, 0x2c860000)
 compacting perm gen  total 12288K, used 1944K [0x36860000, 0x37460000, 0x3a860000)
   the space 12288K,  15% used [0x36860000, 0x36a46168, 0x36a46200, 0x37460000)
    ro space 10240K,  44% used [0x3a860000, 0x3acd7808, 0x3acd7a00, 0x3b260000)
    rw space 12288K,  52% used [0x3b260000, 0x3b8ae610, 0x3b8ae800, 0x3be60000)
}

