# JRE version: Java(TM) SE Runtime Environment (7.0_45-b18) (build 1.7.0_45-b18)
# Java VM: Java HotSpot(TM) Client VM (24.45-b08 mixed mode, sharing windows-x86 )
Heap
 def new generation   total 4992K, used 1775K [0x26860000, 0x26dc0000, 0x2bdb0000)
  eden space 4480K,  28% used [0x26860000, 0x2699bf98, 0x26cc0000)
  from space 512K, 100% used [0x26d40000, 0x26dc0000, 0x26dc0000)
  to   space 512K,   0% used [0x26cc0000, 0x26cc0000, 0x26d40000)
 tenured generation   total 10944K, used 6057K [0x2bdb0000, 0x2c860000, 0x36860000)
   the space 10944K,  55% used [0x2bdb0000, 0x2c39a798, 0x2c39a800, 0x2c860000)
 compacting perm gen  total 12288K, used 3632K [0x36860000, 0x37460000, 0x3a860000)
   the space 12288K,  29% used [0x36860000, 0x36bec220, 0x36bec400, 0x37460000)
    ro space 10240K,  44% used [0x3a860000, 0x3acd7808, 0x3acd7a00, 0x3b260000)
    rw space 12288K,  52% used [0x3b260000, 0x3b8ae610, 0x3b8ae800, 0x3be60000)
GC Heap History (10 events):
Event: 417.078 GC heap before
{Heap before GC invocations=70 (full 3):
 def new generation   total 4992K, used 4971K [0x26860000, 0x26dc0000, 0x2bdb0000)
  eden space 4480K,  99% used [0x26860000, 0x26cbae08, 0x26cc0000)
  from space 512K, 100% used [0x26cc0000, 0x26d40000, 0x26d40000)
  to   space 512K,   0% used [0x26d40000, 0x26d40000, 0x26dc0000)
 tenured generation   total 10944K, used 9409K [0x2bdb0000, 0x2c860000, 0x36860000)
   the space 10944K,  85% used [0x2bdb0000, 0x2c6e0690, 0x2c6e0800, 0x2c860000)
 compacting perm gen  total 12288K, used 3636K [0x36860000, 0x37460000, 0x3a860000)
   the space 12288K,  29% used [0x36860000, 0x36bed190, 0x36bed200, 0x37460000)
    ro space 10240K,  44% used [0x3a860000, 0x3acd7808, 0x3acd7a00, 0x3b260000)
    rw space 12288K,  52% used [0x3b260000, 0x3b8ae610, 0x3b8ae800, 0x3be60000)
Event: 417.080 GC heap after
Heap after GC invocations=71 (full 3):
 def new generation   total 4992K, used 324K [0x26860000, 0x26dc0000, 0x2bdb0000)
  eden space 4480K,   0% used [0x26860000, 0x26860000, 0x26cc0000)
  from space 512K,  63% used [0x26d40000, 0x26d91318, 0x26dc0000)
  to   space 512K,   0% used [0x26cc0000, 0x26cc0000, 0x26d40000)
 tenured generation   total 10944K, used 9808K [0x2bdb0000, 0x2c860000, 0x36860000)
   the space 10944K,  89% used [0x2bdb0000, 0x2c7440c0, 0x2c744200, 0x2c860000)
 compacting perm gen  total 12288K, used 3636K [0x36860000, 0x37460000, 0x3a860000)
   the space 12288K,  29% used [0x36860000, 0x36bed190, 0x36bed200, 0x37460000)
    ro space 10240K,  44% used [0x3a860000, 0x3acd7808, 0x3acd7a00, 0x3b260000)
    rw space 12288K,  52% used [0x3b260000, 0x3b8ae610, 0x3b8ae800, 0x3be60000)
}
Event: 417.269 GC heap before
{Heap before GC invocations=71 (full 3):
 def new generation   total 4992K, used 4804K [0x26860000, 0x26dc0000, 0x2bdb0000)
  eden space 4480K, 100% used [0x26860000, 0x26cc0000, 0x26cc0000)
  from space 512K,  63% used [0x26d40000, 0x26d91318, 0x26dc0000)
  to   space 512K,   0% used [0x26cc0000, 0x26cc0000, 0x26d40000)
 tenured generation   total 10944K, used 9808K [0x2bdb0000, 0x2c860000, 0x36860000)
   the space 10944K,  89% used [0x2bdb0000, 0x2c7440c0, 0x2c744200, 0x2c860000)
 compacting perm gen  total 12288K, used 3636K [0x36860000, 0x37460000, 0x3a860000)
   the space 12288K,  29% used [0x36860000, 0x36bed190, 0x36bed200, 0x37460000)
    ro space 10240K,  44% used [0x3a860000, 0x3acd7808, 0x3acd7a00, 0x3b260000)
    rw space 12288K,  52% used [0x3b260000, 0x3b8ae610, 0x3b8ae800, 0x3be60000)
Event: 417.270 GC heap after
Heap after GC invocations=72 (full 3):
 def new generation   total 4992K, used 512K [0x26860000, 0x26dc0000, 0x2bdb0000)
  eden space 4480K,   0% used [0x26860000, 0x26860000, 0x26cc0000)
  from space 512K, 100% used [0x26cc0000, 0x26d40000, 0x26d40000)
  to   space 512K,   0% used [0x26d40000, 0x26d40000, 0x26dc0000)
 tenured generation   total 10944K, used 10419K [0x2bdb0000, 0x2c860000, 0x36860000)
   the space 10944K,  95% used [0x2bdb0000, 0x2c7dcd90, 0x2c7dce00, 0x2c860000)
 compacting perm gen  total 12288K, used 3636K [0x36860000, 0x37460000, 0x3a860000)
   the space 12288K,  29% used [0x36860000, 0x36bed190, 0x36bed200, 0x37460000)
    ro space 10240K,  44% used [0x3a860000, 0x3acd7808, 0x3acd7a00, 0x3b260000)
    rw space 12288K,  52% used [0x3b260000, 0x3b8ae610, 0x3b8ae800, 0x3be60000)
}
Event: 420.922 GC heap before
{Heap before GC invocations=72 (full 3):
 def new generation   total 4992K, used 4992K [0x26860000, 0x26dc0000, 0x2bdb0000)
  eden space 4480K, 100% used [0x26860000, 0x26cc0000, 0x26cc0000)
  from space 512K, 100% used [0x26cc0000, 0x26d40000, 0x26d40000)
  to   space 512K,   0% used [0x26d40000, 0x26d40000, 0x26dc0000)
 tenured generation   total 10944K, used 10419K [0x2bdb0000, 0x2c860000, 0x36860000)
   the space 10944K,  95% used [0x2bdb0000, 0x2c7dcd90, 0x2c7dce00, 0x2c860000)
 compacting perm gen  total 12288K, used 3636K [0x36860000, 0x37460000, 0x3a860000)
   the space 12288K,  29% used [0x36860000, 0x36bed190, 0x36bed200, 0x37460000)
    ro space 10240K,  44% used [0x3a860000, 0x3acd7808, 0x3acd7a00, 0x3b260000)
    rw space 12288K,  52% used [0x3b260000, 0x3b8ae610, 0x3b8ae800, 0x3be60000)
Event: 420.949 GC heap after
Heap after GC invocations=73 (full 4):
 def new generation   total 4992K, used 0K [0x26860000, 0x26dc0000, 0x2bdb0000)
  eden space 4480K,   0% used [0x26860000, 0x26860000, 0x26cc0000)
  from space 512K,   0% used [0x26d40000, 0x26d40000, 0x26dc0000)
  to   space 512K,   0% used [0x26cc0000, 0x26cc0000, 0x26d40000)
 tenured generation   total 10944K, used 4965K [0x2bdb0000, 0x2c860000, 0x36860000)
   the space 10944K,  45% used [0x2bdb0000, 0x2c289488, 0x2c289600, 0x2c860000)
 compacting perm gen  total 12288K, used 3632K [0x36860000, 0x37460000, 0x3a860000)
   the space 12288K,  29% used [0x36860000, 0x36bec210, 0x36bec400, 0x37460000)
    ro space 10240K,  44% used [0x3a860000, 0x3acd7808, 0x3acd7a00, 0x3b260000)
    rw space 12288K,  52% used [0x3b260000, 0x3b8ae610, 0x3b8ae800, 0x3be60000)
}
Event: 428.121 GC heap before
{Heap before GC invocations=73 (full 4):
 def new generation   total 4992K, used 4480K [0x26860000, 0x26dc0000, 0x2bdb0000)
  eden space 4480K, 100% used [0x26860000, 0x26cc0000, 0x26cc0000)
  from space 512K,   0% used [0x26d40000, 0x26d40000, 0x26dc0000)
  to   space 512K,   0% used [0x26cc0000, 0x26cc0000, 0x26d40000)
 tenured generation   total 10944K, used 4965K [0x2bdb0000, 0x2c860000, 0x36860000)
   the space 10944K,  45% used [0x2bdb0000, 0x2c289488, 0x2c289600, 0x2c860000)
 compacting perm gen  total 12288K, used 3632K [0x36860000, 0x37460000, 0x3a860000)
   the space 12288K,  29% used [0x36860000, 0x36bec210, 0x36bec400, 0x37460000)
    ro space 10240K,  44% used [0x3a860000, 0x3acd7808, 0x3acd7a00, 0x3b260000)
    rw space 12288K,  52% used [0x3b260000, 0x3b8ae610, 0x3b8ae800, 0x3be60000)
Event: 428.123 GC heap after
Heap after GC invocations=74 (full 4):
 def new generation   total 4992K, used 512K [0x26860000, 0x26dc0000, 0x2bdb0000)
  eden space 4480K,   0% used [0x26860000, 0x26860000, 0x26cc0000)
  from space 512K, 100% used [0x26cc0000, 0x26d40000, 0x26d40000)
  to   space 512K,   0% used [0x26d40000, 0x26d40000, 0x26dc0000)
 tenured generation   total 10944K, used 5278K [0x2bdb0000, 0x2c860000, 0x36860000)
   the space 10944K,  48% used [0x2bdb0000, 0x2c2d7a50, 0x2c2d7c00, 0x2c860000)
 compacting perm gen  total 12288K, used 3632K [0x36860000, 0x37460000, 0x3a860000)
   the space 12288K,  29% used [0x36860000, 0x36bec210, 0x36bec400, 0x37460000)
    ro space 10240K,  44% used [0x3a860000, 0x3acd7808, 0x3acd7a00, 0x3b260000)
    rw space 12288K,  52% used [0x3b260000, 0x3b8ae610, 0x3b8ae800, 0x3be60000)
}
Event: 429.382 GC heap before
{Heap before GC invocations=74 (full 4):
 def new generation   total 4992K, used 4992K [0x26860000, 0x26dc0000, 0x2bdb0000)
  eden space 4480K, 100% used [0x26860000, 0x26cc0000, 0x26cc0000)
  from space 512K, 100% used [0x26cc0000, 0x26d40000, 0x26d40000)
  to   space 512K,   0% used [0x26d40000, 0x26d40000, 0x26dc0000)
 tenured generation   total 10944K, used 5278K [0x2bdb0000, 0x2c860000, 0x36860000)
   the space 10944K,  48% used [0x2bdb0000, 0x2c2d7a50, 0x2c2d7c00, 0x2c860000)
 compacting perm gen  total 12288K, used 3632K [0x36860000, 0x37460000, 0x3a860000)
   the space 12288K,  29% used [0x36860000, 0x36bec220, 0x36bec400, 0x37460000)
    ro space 10240K,  44% used [0x3a860000, 0x3acd7808, 0x3acd7a00, 0x3b260000)
    rw space 12288K,  52% used [0x3b260000, 0x3b8ae610, 0x3b8ae800, 0x3be60000)
Event: 429.384 GC heap after
Heap after GC invocations=75 (full 4):
 def new generation   total 4992K, used 512K [0x26860000, 0x26dc0000, 0x2bdb0000)
  eden space 4480K,   0% used [0x26860000, 0x26860000, 0x26cc0000)
  from space 512K, 100% used [0x26d40000, 0x26dc0000, 0x26dc0000)
  to   space 512K,   0% used [0x26cc0000, 0x26cc0000, 0x26d40000)
 tenured generation   total 10944K, used 6057K [0x2bdb0000, 0x2c860000, 0x36860000)
   the space 10944K,  55% used [0x2bdb0000, 0x2c39a798, 0x2c39a800, 0x2c860000)
 compacting perm gen  total 12288K, used 3632K [0x36860000, 0x37460000, 0x3a860000)
   the space 12288K,  29% used [0x36860000, 0x36bec220, 0x36bec400, 0x37460000)
    ro space 10240K,  44% used [0x3a860000, 0x3acd7808, 0x3acd7a00, 0x3b260000)
    rw space 12288K,  52% used [0x3b260000, 0x3b8ae610, 0x3b8ae800, 0x3be60000)
}

